<?xml version="1.0" encoding="UTF-8"?>
<testng-results ignored="0" total="2" passed="2" failed="0" skipped="0">
  <reporter-output>
  </reporter-output>
  <suite started-at="2021-10-29T12:01:24 IST" name="automation-classplus-store" finished-at="2021-10-29T12:01:53 IST" duration-ms="29761">
    <groups>
    </groups>
    <test started-at="2021-10-29T12:01:24 IST" name="classplus store automation" finished-at="2021-10-29T12:01:53 IST" duration-ms="29761">
      <class name="com.store.test.ClassplusLoginTest">
        <test-method is-config="true" signature="initTestData(java.lang.String)[pri:0, instance:com.store.test.ClassplusLoginTest@5e3f861]" started-at="2021-10-29T12:01:24 IST" name="initTestData" finished-at="2021-10-29T12:01:24 IST" duration-ms="27" status="PASS">
          <params>
            <param index="0">
              <value>
                <![CDATA[https://web.classplusapp.com/login]]>
              </value>
            </param>
          </params>
          <reporter-output>
          </reporter-output>
        </test-method> <!-- initTestData -->
        <test-method is-config="true" signature="initClassplusSiteLogin(java.lang.String)[pri:0, instance:com.store.test.ClassplusLoginTest@5e3f861]" started-at="2021-10-29T12:01:24 IST" name="initClassplusSiteLogin" finished-at="2021-10-29T12:01:44 IST" duration-ms="20722" status="PASS">
          <params>
            <param index="0">
              <value>
                <![CDATA[Chrome]]>
              </value>
            </param>
          </params>
          <reporter-output>
          </reporter-output>
        </test-method> <!-- initClassplusSiteLogin -->
        <test-method signature="loginToSite(java.lang.String,java.lang.String)[pri:1, instance:com.store.test.ClassplusLoginTest@5e3f861]" started-at="2021-10-29T12:01:44 IST" name="loginToSite" description="site login" finished-at="2021-10-29T12:01:47 IST" duration-ms="2922" status="PASS">
          <params>
            <param index="0">
              <value>
                <![CDATA[Learn]]>
              </value>
            </param>
            <param index="1">
              <value>
                <![CDATA[9711153079]]>
              </value>
            </param>
          </params>
          <reporter-output>
          </reporter-output>
        </test-method> <!-- loginToSite -->
        <test-method signature="verifyOTP()[pri:2, instance:com.store.test.ClassplusLoginTest@5e3f861]" started-at="2021-10-29T12:01:47 IST" name="verifyOTP" description="verify otp" finished-at="2021-10-29T12:01:52 IST" duration-ms="4856" status="PASS">
          <reporter-output>
          </reporter-output>
        </test-method> <!-- verifyOTP -->
        <test-method is-config="true" signature="quitDriver()[pri:0, instance:com.store.test.ClassplusLoginTest@5e3f861]" started-at="2021-10-29T12:01:52 IST" name="quitDriver" finished-at="2021-10-29T12:01:53 IST" duration-ms="1046" status="PASS">
          <reporter-output>
          </reporter-output>
        </test-method> <!-- quitDriver -->
        <test-method is-config="true" signature="quitAllDrivers()[pri:0, instance:com.store.test.ClassplusLoginTest@5e3f861]" started-at="2021-10-29T12:01:54 IST" name="quitAllDrivers" finished-at="2021-10-29T12:01:54 IST" duration-ms="1" status="PASS">
          <reporter-output>
          </reporter-output>
        </test-method> <!-- quitAllDrivers -->
      </class> <!-- com.store.test.ClassplusLoginTest -->
    </test> <!-- classplus store automation -->
  </suite> <!-- automation-classplus-store -->
</testng-results>
